<?xml version="1.0" encoding="UTF-8" ?>
<testsuite tests="4" failures="0" name="com.cucumber.CucumberTest" time="37.959" errors="4" skipped="0">
  <properties>
    <property name="java.vendor" value="AdoptOpenJDK"/>
    <property name="sun.java.launcher" value="SUN_STANDARD"/>
    <property name="os.name" value="Linux"/>
    <property name="sun.boot.class.path" value="/home/imuerte/.sdkman/candidates/java/8.0.292.j9-adpt/jre/lib/amd64/default/jclSC180/vm.jar:/home/imuerte/.sdkman/candidates/java/8.0.292.j9-adpt/jre/lib/se-service.jar:/home/imuerte/.sdkman/candidates/java/8.0.292.j9-adpt/jre/lib/rt.jar:/home/imuerte/.sdkman/candidates/java/8.0.292.j9-adpt/jre/lib/resources.jar:/home/imuerte/.sdkman/candidates/java/8.0.292.j9-adpt/jre/lib/jsse.jar:/home/imuerte/.sdkman/candidates/java/8.0.292.j9-adpt/jre/lib/charsets.jar:/home/imuerte/.sdkman/candidates/java/8.0.292.j9-adpt/jre/lib/jce.jar"/>
    <property name="java.vm.specification.vendor" value="Oracle Corporation"/>
    <property name="java.runtime.version" value="1.8.0_292-b10"/>
    <property name="user.name" value="imuerte"/>
    <property name="java.compiler" value="j9jit29"/>
    <property name="os.encoding" value="UTF-8"/>
    <property name="guice.disable.misplaced.annotation.check" value="true"/>
    <property name="com.ibm.util.extralibs.properties" value=""/>
    <property name="com.ibm.jcl.checkClassPath" value=""/>
    <property name="user.language" value="es"/>
    <property name="com.ibm.oti.vm.bootstrap.library.path" value="/home/imuerte/.sdkman/candidates/java/8.0.292.j9-adpt/jre/lib/amd64/default:/home/imuerte/.sdkman/candidates/java/8.0.292.j9-adpt/jre/lib/amd64"/>
    <property name="sun.boot.library.path" value="/home/imuerte/.sdkman/candidates/java/8.0.292.j9-adpt/jre/lib/amd64/default:/home/imuerte/.sdkman/candidates/java/8.0.292.j9-adpt/jre/lib/amd64"/>
    <property name="classworlds.conf" value="/home/imuerte/dev/apache-maven-3.8.1/bin/m2.conf"/>
    <property name="jdk.extensions.version" value="8.0.292.0"/>
    <property name="java.version" value="1.8.0_292"/>
    <property name="user.timezone" value="Europe/Madrid"/>
    <property name="com.ibm.system.agent.path" value="/home/imuerte/.sdkman/candidates/java/8.0.292.j9-adpt/jre/lib/amd64"/>
    <property name="sun.arch.data.model" value="64"/>
    <property name="com.ibm.zero.version" value="2"/>
    <property name="java.endorsed.dirs" value="/home/imuerte/.sdkman/candidates/java/8.0.292.j9-adpt/jre/lib/endorsed"/>
    <property name="com.ibm.oti.vm.library.version" value="29"/>
    <property name="sun.jnu.encoding" value="UTF-8"/>
    <property name="file.encoding.pkg" value="sun.io"/>
    <property name="file.separator" value="/"/>
    <property name="java.specification.name" value="Java Platform API Specification"/>
    <property name="maven.conf" value="/home/imuerte/dev/apache-maven-3.8.1/conf"/>
    <property name="java.class.version" value="52.0"/>
    <property name="user.country" value="ES"/>
    <property name="securerandom.source" value="file:/dev/./urandom"/>
    <property name="java.home" value="/home/imuerte/.sdkman/candidates/java/8.0.292.j9-adpt/jre"/>
    <property name="java.vm.info" value="JRE 1.8.0 Linux amd64-64-Bit Compressed References 20210421_1000 (JIT enabled, AOT enabled)
OpenJ9   - b4cc246d9
OMR      - 162e6f729
JCL      - 2a5e268814 based on jdk8u292-b10"/>
    <property name="os.version" value="5.10.0-1029-oem"/>
    <property name="java.awt.fonts" value=""/>
    <property name="path.separator" value=":"/>
    <property name="java.vm.version" value="openj9-0.26.0"/>
    <property name="user.variant" value=""/>
    <property name="java.awt.printerjob" value="sun.print.PSPrinterJob"/>
    <property name="jdk.extensions.name" value="Extensions for OpenJDK for Eclipse OpenJ9"/>
    <property name="sun.io.unicode.encoding" value="UnicodeLittle"/>
    <property name="awt.toolkit" value="sun.awt.X11.XToolkit"/>
    <property name="ibm.signalhandling.sigint" value="true"/>
    <property name="user.home" value="/home/imuerte"/>
    <property name="com.ibm.cpu.endian" value="little"/>
    <property name="java.specification.vendor" value="Oracle Corporation"/>
    <property name="ibm.signalhandling.sigchain" value="true"/>
    <property name="library.jansi.path" value="/home/imuerte/dev/apache-maven-3.8.1/lib/jansi-native"/>
    <property name="java.library.path" value="/home/imuerte/.sdkman/candidates/java/8.0.292.j9-adpt/jre/lib/amd64/default:/home/imuerte/.sdkman/candidates/java/8.0.292.j9-adpt/jre/lib/amd64:/usr/lib64:/usr/lib"/>
    <property name="java.vendor.url" value="https://adoptopenjdk.net/"/>
    <property name="java.vm.vendor" value="Eclipse OpenJ9"/>
    <property name="java.fullversion" value="1.8.0_292-b10
JRE 1.8.0 Linux amd64-64-Bit Compressed References 20210421_1000 (JIT enabled, AOT enabled)
OpenJ9   - b4cc246d9
OMR      - 162e6f729
JCL      - 2a5e268814 based on jdk8u292-b10"/>
    <property name="maven.home" value="/home/imuerte/dev/apache-maven-3.8.1"/>
    <property name="java.runtime.name" value="OpenJDK Runtime Environment"/>
    <property name="sun.java.command" value="org.codehaus.plexus.classworlds.launcher.Launcher clean install"/>
    <property name="java.class.path" value="/home/imuerte/dev/apache-maven-3.8.1/boot/plexus-classworlds-2.6.0.jar"/>
    <property name="java.vm.specification.name" value="Java Virtual Machine Specification"/>
    <property name="sun.java.launcher.pid" value="20114"/>
    <property name="java.vm.specification.version" value="1.8"/>
    <property name="sun.cpu.endian" value="little"/>
    <property name="java.io.tmpdir" value="/tmp"/>
    <property name="maven.multiModuleProjectDirectory" value="/home/imuerte/projects/auri/test-cucumber"/>
    <property name="ibm.system.encoding" value="UTF-8"/>
    <property name="os.arch" value="amd64"/>
    <property name="java.awt.graphicsenv" value="sun.awt.X11GraphicsEnvironment"/>
    <property name="ibm.signalhandling.rs" value="false"/>
    <property name="java.ext.dirs" value="/home/imuerte/.sdkman/candidates/java/8.0.292.j9-adpt/jre/lib/ext"/>
    <property name="user.dir" value="/home/imuerte/projects/auri/test-cucumber"/>
    <property name="line.separator" value="
"/>
    <property name="java.vm.name" value="Eclipse OpenJ9 VM"/>
    <property name="com.ibm.oti.shared.enabled" value="false"/>
    <property name="com.ibm.vm.bitmode" value="64"/>
    <property name="file.encoding" value="UTF-8"/>
    <property name="com.ibm.oti.configuration" value="scar"/>
    <property name="java.specification.version" value="1.8"/>
  </properties>
  <testcase classname="Registro de un cliente" name="Cliente se registra con exito" time="18.197">
    <error message="Cannot locate option with value: Australia
For documentation on this error, please visit: https://selenium.dev/exceptions/#no_such_element
Build info: version: &apos;4.0.0-rc-1&apos;, revision: &apos;bc5511cbda&apos;
System info: host: &apos;muerte&apos;, ip: &apos;127.0.1.1&apos;, os.name: &apos;Linux&apos;, os.arch: &apos;amd64&apos;, os.version: &apos;5.10.0-1029-oem&apos;, java.version: &apos;1.8.0_292&apos;
Driver info: driver.version: unknown" type="org.openqa.selenium.NoSuchElementException">org.openqa.selenium.NoSuchElementException: Cannot locate option with value: Australia
For documentation on this error, please visit: https://selenium.dev/exceptions/#no_such_element
Build info: version: &apos;4.0.0-rc-1&apos;, revision: &apos;bc5511cbda&apos;
System info: host: &apos;muerte&apos;, ip: &apos;127.0.1.1&apos;, os.name: &apos;Linux&apos;, os.arch: &apos;amd64&apos;, os.version: &apos;5.10.0-1029-oem&apos;, java.version: &apos;1.8.0_292&apos;
Driver info: driver.version: unknown
	at org.openqa.selenium.support.ui.Select.findOptionsByValue(Select.java:287)
	at org.openqa.selenium.support.ui.Select.selectByValue(Select.java:190)
	at com.cucumber.pageobject.SignUpService.selectCountry(SignUpService.java:50)
	at com.cucumber.tasks.UserSignUp.withInfo(UserSignUp.java:21)
	at com.cucumber.step.SignUpStep.el_envia_la_información_requerida_por_la_cuenta(SignUpStep.java:34)
	at ✽.El envia la información requerida por la cuenta(file:///home/imuerte/projects/auri/test-cucumber/src/test/resources/features/signup.feature:5)
</error>
    <system-out>
Scenario: Cliente se registra con exito                &amp;#27;[90m# src/test/resources/features/signup.feature:3&amp;#27;[0m
  &amp;#27;[32mGiven &amp;#27;[0m&amp;#27;[32mMiku quiere crear una cuenta&amp;#27;[0m                   &amp;#27;[90m# com.cucumber.step.SignUpStep.miku_quiere_crear_una_cuenta()&amp;#27;[0m
  &amp;#27;[31mWhen &amp;#27;[0m&amp;#27;[31mEl envia la información requerida por la cuenta&amp;#27;[0m &amp;#27;[90m# com.cucumber.step.SignUpStep.el_envia_la_información_requerida_por_la_cuenta()&amp;#27;[0m
      &amp;#27;[31morg.openqa.selenium.NoSuchElementException: Cannot locate option with value: Australia
For documentation on this error, please visit: https://selenium.dev/exceptions/#no_such_element
Build info: version: &apos;4.0.0-rc-1&apos;, revision: &apos;bc5511cbda&apos;
System info: host: &apos;muerte&apos;, ip: &apos;127.0.1.1&apos;, os.name: &apos;Linux&apos;, os.arch: &apos;amd64&apos;, os.version: &apos;5.10.0-1029-oem&apos;, java.version: &apos;1.8.0_292&apos;
Driver info: driver.version: unknown
	at org.openqa.selenium.support.ui.Select.findOptionsByValue(Select.java:287)
	at org.openqa.selenium.support.ui.Select.selectByValue(Select.java:190)
	at com.cucumber.pageobject.SignUpService.selectCountry(SignUpService.java:50)
	at com.cucumber.tasks.UserSignUp.withInfo(UserSignUp.java:21)
	at com.cucumber.step.SignUpStep.el_envia_la_información_requerida_por_la_cuenta(SignUpStep.java:34)
	at ✽.El envia la información requerida por la cuenta(file:///home/imuerte/projects/auri/test-cucumber/src/test/resources/features/signup.feature:5)
&amp;#27;[0m

    Embedding 62023530-d0cc-4d65-9012-4473ff8645ed [image/png 244243 bytes]

  &amp;#27;[36mThen &amp;#27;[0m&amp;#27;[36mEl deberia ver la cuenta creada&amp;#27;[0m                 &amp;#27;[90m# com.cucumber.step.SignUpStep.el_deberia_ver_la_cuenta_creada()&amp;#27;[0m
</system-out>
    <system-err>sep 22, 2021 8:32:14 PM io.cucumber.junit.Cucumber &lt;init&gt;
ADVERTENCIA: By default Cucumber is running in --non-strict mode.
This default will change to --strict and --non-strict will be removed.
You can use --strict or @CucumberOptions(strict = true) to suppress this warning
sep 22, 2021 8:32:14 PM org.springframework.test.context.support.DefaultTestContextBootstrapper getDefaultTestExecutionListenerClassNames
INFORMACIÓN: Loaded default TestExecutionListener class names from location [META-INF/spring.factories]: [org.springframework.test.context.web.ServletTestExecutionListener, org.springframework.test.context.support.DirtiesContextBeforeModesTestExecutionListener, org.springframework.test.context.support.DependencyInjectionTestExecutionListener, org.springframework.test.context.support.DirtiesContextTestExecutionListener, org.springframework.test.context.transaction.TransactionalTestExecutionListener, org.springframework.test.context.jdbc.SqlScriptsTestExecutionListener]
sep 22, 2021 8:32:14 PM org.springframework.test.context.support.DefaultTestContextBootstrapper getTestExecutionListeners
INFORMACIÓN: Using TestExecutionListeners: [org.springframework.test.context.support.DirtiesContextBeforeModesTestExecutionListener@52b887e4, org.springframework.test.context.support.DependencyInjectionTestExecutionListener@e5b4a59c, org.springframework.test.context.support.DirtiesContextTestExecutionListener@418fffd8]
sep 22, 2021 8:32:15 PM org.springframework.context.support.GenericApplicationContext prepareRefresh
INFORMACIÓN: Refreshing org.springframework.context.support.GenericApplicationContext@24b698fc: startup date [Wed Sep 22 20:32:15 CEST 2021]; root of context hierarchy
SLF4J: Failed to load class &quot;org.slf4j.impl.StaticLoggerBinder&quot;.
SLF4J: Defaulting to no-operation (NOP) logger implementation
SLF4J: See http://www.slf4j.org/codes.html#StaticLoggerBinder for further details.
1632335536304	geckodriver	INFO	Listening on 127.0.0.1:10888
1632335536755	mozrunner::runner	INFO	Running command: &quot;/usr/lib/firefox/firefox&quot; &quot;--marionette&quot; &quot;--remote-debugging-port&quot; &quot;9222&quot; &quot;-no-remote&quot; &quot;-profile&quot; &quot;/tmp/rust_mozprofileIjB5pL&quot;
1632335537729	Marionette	INFO	Marionette enabled
console.warn: SearchSettings: &quot;get: No settings file exists, new profile?&quot; (new NotFoundError(&quot;Could not open the file at /tmp/rust_mozprofileIjB5pL/search.json.mozlz4&quot;, (void 0)))

!!! could not start server on port 9222: [Exception... &quot;Component returned failure code: 0x804b0036 (NS_ERROR_SOCKET_ADDRESS_IN_USE) [nsIServerSocket.init]&quot;  nsresult: &quot;0x804b0036 (NS_ERROR_SOCKET_ADDRESS_IN_USE)&quot;  location: &quot;JS frame :: chrome://remote/content/server/HTTPD.jsm :: _start :: line 567&quot;  data: no]

1632335540201	RemoteAgent	ERROR	unable to stop listener: [Exception... &quot;Unexpected error&quot;  nsresult: &quot;0x8000ffff (NS_ERROR_UNEXPECTED)&quot;  location: &quot;JS frame :: chrome://remote/content/server/HTTPD.jsm :: stop :: line 621&quot;  data: no] Stack trace: stop()@HTTPD.jsm:621
close()@RemoteAgent.jsm:140
asyncListen()@RemoteAgent.jsm:120
1632335540202	RemoteAgent	ERROR	Unable to start remote agent: : [Exception... &quot;Component is not available&quot;  nsresult: &quot;0x80040111 (NS_ERROR_NOT_AVAILABLE)&quot;  location: &quot;JS frame :: chrome://remote/content/server/HTTPD.jsm :: _start :: line 612&quot;  data: no] Stack trace: _start()@HTTPD.jsm:612
asyncListen()@RemoteAgent.jsm:113
1632335540672	Marionette	INFO	Listening on port 39245
1632335540799	Marionette	WARN	TLS certificate errors will be ignored for this session
sep 22, 2021 8:32:20 PM org.openqa.selenium.remote.ProtocolHandshake createSession
INFORMACIÓN: Detected dialect: W3C
</system-err>
  </testcase>
  <testcase classname="Registro de un cliente" name="Cliente tiene error en el login" time="7.383">
    <error message="Cannot locate option with value: Australia
For documentation on this error, please visit: https://selenium.dev/exceptions/#no_such_element
Build info: version: &apos;4.0.0-rc-1&apos;, revision: &apos;bc5511cbda&apos;
System info: host: &apos;muerte&apos;, ip: &apos;127.0.1.1&apos;, os.name: &apos;Linux&apos;, os.arch: &apos;amd64&apos;, os.version: &apos;5.10.0-1029-oem&apos;, java.version: &apos;1.8.0_292&apos;
Driver info: driver.version: unknown" type="org.openqa.selenium.NoSuchElementException">org.openqa.selenium.NoSuchElementException: Cannot locate option with value: Australia
For documentation on this error, please visit: https://selenium.dev/exceptions/#no_such_element
Build info: version: &apos;4.0.0-rc-1&apos;, revision: &apos;bc5511cbda&apos;
System info: host: &apos;muerte&apos;, ip: &apos;127.0.1.1&apos;, os.name: &apos;Linux&apos;, os.arch: &apos;amd64&apos;, os.version: &apos;5.10.0-1029-oem&apos;, java.version: &apos;1.8.0_292&apos;
Driver info: driver.version: unknown
	at org.openqa.selenium.support.ui.Select.findOptionsByValue(Select.java:287)
	at org.openqa.selenium.support.ui.Select.selectByValue(Select.java:190)
	at com.cucumber.pageobject.SignUpService.selectCountry(SignUpService.java:50)
	at com.cucumber.tasks.UserSignUp.withInfo(UserSignUp.java:21)
	at com.cucumber.step.SignUpStep.el_envia_la_información_requerida_por_la_cuenta(SignUpStep.java:34)
	at ✽.El envia la información requerida por la cuenta(file:///home/imuerte/projects/auri/test-cucumber/src/test/resources/features/signup.feature:10)
</error>
    <system-out>
Scenario: Cliente tiene error en el login              &amp;#27;[90m# src/test/resources/features/signup.feature:8&amp;#27;[0m
  &amp;#27;[32mGiven &amp;#27;[0m&amp;#27;[32mMiku quiere crear una cuenta&amp;#27;[0m                   &amp;#27;[90m# com.cucumber.step.SignUpStep.miku_quiere_crear_una_cuenta()&amp;#27;[0m
  &amp;#27;[31mWhen &amp;#27;[0m&amp;#27;[31mEl envia la información requerida por la cuenta&amp;#27;[0m &amp;#27;[90m# com.cucumber.step.SignUpStep.el_envia_la_información_requerida_por_la_cuenta()&amp;#27;[0m
      &amp;#27;[31morg.openqa.selenium.NoSuchElementException: Cannot locate option with value: Australia
For documentation on this error, please visit: https://selenium.dev/exceptions/#no_such_element
Build info: version: &apos;4.0.0-rc-1&apos;, revision: &apos;bc5511cbda&apos;
System info: host: &apos;muerte&apos;, ip: &apos;127.0.1.1&apos;, os.name: &apos;Linux&apos;, os.arch: &apos;amd64&apos;, os.version: &apos;5.10.0-1029-oem&apos;, java.version: &apos;1.8.0_292&apos;
Driver info: driver.version: unknown
	at org.openqa.selenium.support.ui.Select.findOptionsByValue(Select.java:287)
	at org.openqa.selenium.support.ui.Select.selectByValue(Select.java:190)
	at com.cucumber.pageobject.SignUpService.selectCountry(SignUpService.java:50)
	at com.cucumber.tasks.UserSignUp.withInfo(UserSignUp.java:21)
	at com.cucumber.step.SignUpStep.el_envia_la_información_requerida_por_la_cuenta(SignUpStep.java:34)
	at ✽.El envia la información requerida por la cuenta(file:///home/imuerte/projects/auri/test-cucumber/src/test/resources/features/signup.feature:10)
&amp;#27;[0m

    Embedding f18d25df-92c5-4645-8947-c94a9dbe6cdb [image/png 97104 bytes]

  &amp;#27;[36mThen &amp;#27;[0m&amp;#27;[36mEl deberia ver que el registro ha fallado&amp;#27;[0m       &amp;#27;[90m# com.cucumber.step.SignUpStep.el_deberia_ver_que_el_registro_ha_fallado()&amp;#27;[0m
</system-out>
    <system-err>sep 22, 2021 8:32:32 PM org.springframework.test.context.support.DefaultTestContextBootstrapper getDefaultTestExecutionListenerClassNames
INFORMACIÓN: Loaded default TestExecutionListener class names from location [META-INF/spring.factories]: [org.springframework.test.context.web.ServletTestExecutionListener, org.springframework.test.context.support.DirtiesContextBeforeModesTestExecutionListener, org.springframework.test.context.support.DependencyInjectionTestExecutionListener, org.springframework.test.context.support.DirtiesContextTestExecutionListener, org.springframework.test.context.transaction.TransactionalTestExecutionListener, org.springframework.test.context.jdbc.SqlScriptsTestExecutionListener]
sep 22, 2021 8:32:32 PM org.springframework.test.context.support.DefaultTestContextBootstrapper getTestExecutionListeners
INFORMACIÓN: Using TestExecutionListeners: [org.springframework.test.context.support.DirtiesContextBeforeModesTestExecutionListener@b51bb9d4, org.springframework.test.context.support.DependencyInjectionTestExecutionListener@2d0252dd, org.springframework.test.context.support.DirtiesContextTestExecutionListener@27848c05]
sep 22, 2021 8:32:32 PM org.springframework.beans.factory.support.DefaultListableBeanFactory registerScope
INFORMACIÓN: Replacing scope &apos;cucumber-glue&apos; from [io.cucumber.spring.GlueCodeScope@c98ee380] to [io.cucumber.spring.GlueCodeScope@29738db4]
</system-err>
  </testcase>
  <testcase classname="Registro de un cliente" name="Cliente se registra con exito2" time="5.975">
    <error message="Cannot locate option with value: Australia
For documentation on this error, please visit: https://selenium.dev/exceptions/#no_such_element
Build info: version: &apos;4.0.0-rc-1&apos;, revision: &apos;bc5511cbda&apos;
System info: host: &apos;muerte&apos;, ip: &apos;127.0.1.1&apos;, os.name: &apos;Linux&apos;, os.arch: &apos;amd64&apos;, os.version: &apos;5.10.0-1029-oem&apos;, java.version: &apos;1.8.0_292&apos;
Driver info: driver.version: unknown" type="org.openqa.selenium.NoSuchElementException">org.openqa.selenium.NoSuchElementException: Cannot locate option with value: Australia
For documentation on this error, please visit: https://selenium.dev/exceptions/#no_such_element
Build info: version: &apos;4.0.0-rc-1&apos;, revision: &apos;bc5511cbda&apos;
System info: host: &apos;muerte&apos;, ip: &apos;127.0.1.1&apos;, os.name: &apos;Linux&apos;, os.arch: &apos;amd64&apos;, os.version: &apos;5.10.0-1029-oem&apos;, java.version: &apos;1.8.0_292&apos;
Driver info: driver.version: unknown
	at org.openqa.selenium.support.ui.Select.findOptionsByValue(Select.java:287)
	at org.openqa.selenium.support.ui.Select.selectByValue(Select.java:190)
	at com.cucumber.pageobject.SignUpService.selectCountry(SignUpService.java:50)
	at com.cucumber.tasks.UserSignUp.withInfo(UserSignUp.java:21)
	at com.cucumber.step.SignUpStep.el_envia_la_información_requerida_por_la_cuenta(SignUpStep.java:34)
	at ✽.El envia la información requerida por la cuenta(file:///home/imuerte/projects/auri/test-cucumber/src/test/resources/features/signup.feature:15)
</error>
    <system-out>
Scenario: Cliente se registra con exito2               &amp;#27;[90m# src/test/resources/features/signup.feature:13&amp;#27;[0m
  &amp;#27;[32mGiven &amp;#27;[0m&amp;#27;[32mMiku quiere crear una cuenta&amp;#27;[0m                   &amp;#27;[90m# com.cucumber.step.SignUpStep.miku_quiere_crear_una_cuenta()&amp;#27;[0m
  &amp;#27;[31mWhen &amp;#27;[0m&amp;#27;[31mEl envia la información requerida por la cuenta&amp;#27;[0m &amp;#27;[90m# com.cucumber.step.SignUpStep.el_envia_la_información_requerida_por_la_cuenta()&amp;#27;[0m
      &amp;#27;[31morg.openqa.selenium.NoSuchElementException: Cannot locate option with value: Australia
For documentation on this error, please visit: https://selenium.dev/exceptions/#no_such_element
Build info: version: &apos;4.0.0-rc-1&apos;, revision: &apos;bc5511cbda&apos;
System info: host: &apos;muerte&apos;, ip: &apos;127.0.1.1&apos;, os.name: &apos;Linux&apos;, os.arch: &apos;amd64&apos;, os.version: &apos;5.10.0-1029-oem&apos;, java.version: &apos;1.8.0_292&apos;
Driver info: driver.version: unknown
	at org.openqa.selenium.support.ui.Select.findOptionsByValue(Select.java:287)
	at org.openqa.selenium.support.ui.Select.selectByValue(Select.java:190)
	at com.cucumber.pageobject.SignUpService.selectCountry(SignUpService.java:50)
	at com.cucumber.tasks.UserSignUp.withInfo(UserSignUp.java:21)
	at com.cucumber.step.SignUpStep.el_envia_la_información_requerida_por_la_cuenta(SignUpStep.java:34)
	at ✽.El envia la información requerida por la cuenta(file:///home/imuerte/projects/auri/test-cucumber/src/test/resources/features/signup.feature:15)
&amp;#27;[0m

    Embedding e7427118-a7f5-4938-90cf-a1dae318368c [image/png 96942 bytes]

  &amp;#27;[36mThen &amp;#27;[0m&amp;#27;[36mEl deberia ver la cuenta creada&amp;#27;[0m                 &amp;#27;[90m# com.cucumber.step.SignUpStep.el_deberia_ver_la_cuenta_creada()&amp;#27;[0m
</system-out>
    <system-err>sep 22, 2021 8:32:40 PM org.springframework.test.context.support.DefaultTestContextBootstrapper getDefaultTestExecutionListenerClassNames
INFORMACIÓN: Loaded default TestExecutionListener class names from location [META-INF/spring.factories]: [org.springframework.test.context.web.ServletTestExecutionListener, org.springframework.test.context.support.DirtiesContextBeforeModesTestExecutionListener, org.springframework.test.context.support.DependencyInjectionTestExecutionListener, org.springframework.test.context.support.DirtiesContextTestExecutionListener, org.springframework.test.context.transaction.TransactionalTestExecutionListener, org.springframework.test.context.jdbc.SqlScriptsTestExecutionListener]
sep 22, 2021 8:32:40 PM org.springframework.test.context.support.DefaultTestContextBootstrapper getTestExecutionListeners
INFORMACIÓN: Using TestExecutionListeners: [org.springframework.test.context.support.DirtiesContextBeforeModesTestExecutionListener@4f0b0d57, org.springframework.test.context.support.DependencyInjectionTestExecutionListener@2222d8b1, org.springframework.test.context.support.DirtiesContextTestExecutionListener@cd49fa50]
sep 22, 2021 8:32:40 PM org.springframework.beans.factory.support.DefaultListableBeanFactory registerScope
INFORMACIÓN: Replacing scope &apos;cucumber-glue&apos; from [io.cucumber.spring.GlueCodeScope@29738db4] to [io.cucumber.spring.GlueCodeScope@7f1cc449]
</system-err>
  </testcase>
  <testcase classname="Registro de un cliente" name="Cliente tiene error en el login2" time="6.404">
    <error message="Cannot locate option with value: Australia
For documentation on this error, please visit: https://selenium.dev/exceptions/#no_such_element
Build info: version: &apos;4.0.0-rc-1&apos;, revision: &apos;bc5511cbda&apos;
System info: host: &apos;muerte&apos;, ip: &apos;127.0.1.1&apos;, os.name: &apos;Linux&apos;, os.arch: &apos;amd64&apos;, os.version: &apos;5.10.0-1029-oem&apos;, java.version: &apos;1.8.0_292&apos;
Driver info: driver.version: unknown" type="org.openqa.selenium.NoSuchElementException">org.openqa.selenium.NoSuchElementException: Cannot locate option with value: Australia
For documentation on this error, please visit: https://selenium.dev/exceptions/#no_such_element
Build info: version: &apos;4.0.0-rc-1&apos;, revision: &apos;bc5511cbda&apos;
System info: host: &apos;muerte&apos;, ip: &apos;127.0.1.1&apos;, os.name: &apos;Linux&apos;, os.arch: &apos;amd64&apos;, os.version: &apos;5.10.0-1029-oem&apos;, java.version: &apos;1.8.0_292&apos;
Driver info: driver.version: unknown
	at org.openqa.selenium.support.ui.Select.findOptionsByValue(Select.java:287)
	at org.openqa.selenium.support.ui.Select.selectByValue(Select.java:190)
	at com.cucumber.pageobject.SignUpService.selectCountry(SignUpService.java:50)
	at com.cucumber.tasks.UserSignUp.withInfo(UserSignUp.java:21)
	at com.cucumber.step.SignUpStep.el_envia_la_información_requerida_por_la_cuenta(SignUpStep.java:34)
	at ✽.El envia la información requerida por la cuenta(file:///home/imuerte/projects/auri/test-cucumber/src/test/resources/features/signup.feature:20)
</error>
    <system-out>
Scenario: Cliente tiene error en el login2             &amp;#27;[90m# src/test/resources/features/signup.feature:18&amp;#27;[0m
  &amp;#27;[32mGiven &amp;#27;[0m&amp;#27;[32mMiku quiere crear una cuenta&amp;#27;[0m                   &amp;#27;[90m# com.cucumber.step.SignUpStep.miku_quiere_crear_una_cuenta()&amp;#27;[0m
  &amp;#27;[31mWhen &amp;#27;[0m&amp;#27;[31mEl envia la información requerida por la cuenta&amp;#27;[0m &amp;#27;[90m# com.cucumber.step.SignUpStep.el_envia_la_información_requerida_por_la_cuenta()&amp;#27;[0m
      &amp;#27;[31morg.openqa.selenium.NoSuchElementException: Cannot locate option with value: Australia
For documentation on this error, please visit: https://selenium.dev/exceptions/#no_such_element
Build info: version: &apos;4.0.0-rc-1&apos;, revision: &apos;bc5511cbda&apos;
System info: host: &apos;muerte&apos;, ip: &apos;127.0.1.1&apos;, os.name: &apos;Linux&apos;, os.arch: &apos;amd64&apos;, os.version: &apos;5.10.0-1029-oem&apos;, java.version: &apos;1.8.0_292&apos;
Driver info: driver.version: unknown
	at org.openqa.selenium.support.ui.Select.findOptionsByValue(Select.java:287)
	at org.openqa.selenium.support.ui.Select.selectByValue(Select.java:190)
	at com.cucumber.pageobject.SignUpService.selectCountry(SignUpService.java:50)
	at com.cucumber.tasks.UserSignUp.withInfo(UserSignUp.java:21)
	at com.cucumber.step.SignUpStep.el_envia_la_información_requerida_por_la_cuenta(SignUpStep.java:34)
	at ✽.El envia la información requerida por la cuenta(file:///home/imuerte/projects/auri/test-cucumber/src/test/resources/features/signup.feature:20)
&amp;#27;[0m

    Embedding 82d924e5-9813-4b59-8a51-c8e462bd681e [image/png 97163 bytes]

  &amp;#27;[36mThen &amp;#27;[0m&amp;#27;[36mEl deberia ver que el registro ha fallado&amp;#27;[0m       &amp;#27;[90m# com.cucumber.step.SignUpStep.el_deberia_ver_que_el_registro_ha_fallado()&amp;#27;[0m
</system-out>
    <system-err>sep 22, 2021 8:32:46 PM org.springframework.test.context.support.DefaultTestContextBootstrapper getDefaultTestExecutionListenerClassNames
INFORMACIÓN: Loaded default TestExecutionListener class names from location [META-INF/spring.factories]: [org.springframework.test.context.web.ServletTestExecutionListener, org.springframework.test.context.support.DirtiesContextBeforeModesTestExecutionListener, org.springframework.test.context.support.DependencyInjectionTestExecutionListener, org.springframework.test.context.support.DirtiesContextTestExecutionListener, org.springframework.test.context.transaction.TransactionalTestExecutionListener, org.springframework.test.context.jdbc.SqlScriptsTestExecutionListener]
sep 22, 2021 8:32:46 PM org.springframework.test.context.support.DefaultTestContextBootstrapper getTestExecutionListeners
INFORMACIÓN: Using TestExecutionListeners: [org.springframework.test.context.support.DirtiesContextBeforeModesTestExecutionListener@db3a4d76, org.springframework.test.context.support.DependencyInjectionTestExecutionListener@76b97f13, org.springframework.test.context.support.DirtiesContextTestExecutionListener@1f60cf26]
sep 22, 2021 8:32:46 PM org.springframework.beans.factory.support.DefaultListableBeanFactory registerScope
INFORMACIÓN: Replacing scope &apos;cucumber-glue&apos; from [io.cucumber.spring.GlueCodeScope@7f1cc449] to [io.cucumber.spring.GlueCodeScope@8202bf32]
</system-err>
  </testcase>
</testsuite>